[2024-01-02 12:18:26,572: INFO: main: Welcome to Custome Logger]
[2024-01-02 15:37:33,597: INFO: common: yaml file: config\config.yaml loaded successfully]
[2024-01-02 15:37:33,605: INFO: common: yaml file: params.yaml loaded successfully]
[2024-01-02 15:37:33,605: INFO: common: created directory at: artifacts]
[2024-01-02 15:37:33,613: INFO: common: created directory at: artifacts/data_ingestion]
[2024-01-02 15:46:30,085: INFO: common: yaml file: config\config.yaml loaded successfully]
[2024-01-02 15:46:30,089: INFO: common: yaml file: params.yaml loaded successfully]
[2024-01-02 15:46:30,102: INFO: common: created directory at: artifacts]
[2024-01-02 15:46:30,108: INFO: common: created directory at: artifacts/data_ingestion]
[2024-01-02 15:46:32,225: INFO: 4037744573: artifacts/data_ingestion/data.zip download! with following info: 
Connection: close
Content-Length: 1052561
Cache-Control: max-age=300
Content-Security-Policy: default-src 'none'; style-src 'unsafe-inline'; sandbox
Content-Type: application/zip
ETag: "6ec44da8dd263fa7d322d1fc28c20a3a44d8e21802556ef509714f5a3502948a"
Strict-Transport-Security: max-age=31536000
X-Content-Type-Options: nosniff
X-Frame-Options: deny
X-XSS-Protection: 1; mode=block
X-GitHub-Request-Id: 5738:34B39D:44D310:46E800:65942FD6
Accept-Ranges: bytes
Date: Tue, 02 Jan 2024 15:46:32 GMT
Via: 1.1 varnish
X-Served-By: cache-man4134-MAN
X-Cache: MISS
X-Cache-Hits: 0
X-Timer: S1704210392.747835,VS0,VE267
Vary: Authorization,Accept-Encoding,Origin
Access-Control-Allow-Origin: *
Cross-Origin-Resource-Policy: cross-origin
X-Fastly-Request-ID: f48bd6e5fac0ac6b567965476a83655223ef179b
Expires: Tue, 02 Jan 2024 15:51:32 GMT
Source-Age: 0

]
[2024-01-02 16:40:21,487: INFO: main: >>>>>> stage Data Ingestion stage started <<<<<<]
[2024-01-02 16:40:21,487: INFO: common: yaml file: config\config.yaml loaded successfully]
[2024-01-02 16:40:21,487: INFO: common: yaml file: params.yaml loaded successfully]
[2024-01-02 16:40:21,494: INFO: common: created directory at: artifacts]
[2024-01-02 16:40:21,496: INFO: common: created directory at: artifacts/data_ingestion]
[2024-01-02 16:40:22,970: INFO: data_ingestion: artifacts/data_ingestion/data.zip download! with following info: 
Connection: close
Content-Length: 1052561
Cache-Control: max-age=300
Content-Security-Policy: default-src 'none'; style-src 'unsafe-inline'; sandbox
Content-Type: application/zip
ETag: "6ec44da8dd263fa7d322d1fc28c20a3a44d8e21802556ef509714f5a3502948a"
Strict-Transport-Security: max-age=31536000
X-Content-Type-Options: nosniff
X-Frame-Options: deny
X-XSS-Protection: 1; mode=block
X-GitHub-Request-Id: 5A58:34C3EB:2323593:24D1CDA:65943C76
Accept-Ranges: bytes
Date: Tue, 02 Jan 2024 16:40:22 GMT
Via: 1.1 varnish
X-Served-By: cache-man4150-MAN
X-Cache: MISS
X-Cache-Hits: 0
X-Timer: S1704213623.543385,VS0,VE253
Vary: Authorization,Accept-Encoding,Origin
Access-Control-Allow-Origin: *
Cross-Origin-Resource-Policy: cross-origin
X-Fastly-Request-ID: 1bba69107f6907f3b455c67c06f315d3025152cc
Expires: Tue, 02 Jan 2024 16:45:22 GMT
Source-Age: 0

]
[2024-01-02 16:40:23,139: INFO: main: >>>>>> stage Data Ingestion stage completed <<<<<<

x==========x]
[2024-01-02 16:45:33,934: INFO: main: >>>>>> stage Data Ingestion stage started <<<<<<]
[2024-01-02 16:45:33,937: INFO: common: yaml file: config\config.yaml loaded successfully]
[2024-01-02 16:45:33,938: INFO: common: yaml file: params.yaml loaded successfully]
[2024-01-02 16:45:33,938: INFO: common: created directory at: artifacts]
[2024-01-02 16:45:33,942: INFO: common: created directory at: artifacts/data_ingestion]
[2024-01-02 16:45:33,942: INFO: data_ingestion: File already exists of size: ~ 1028 KB]
[2024-01-02 16:45:34,052: INFO: main: >>>>>> stage Data Ingestion stage completed <<<<<<

x==========x]
[2024-01-03 10:14:27,463: INFO: main: >>>>>> stage Data Ingestion stage started <<<<<<]
[2024-01-03 10:14:27,485: INFO: common: yaml file: config\config.yaml loaded successfully]
[2024-01-03 10:14:27,496: INFO: common: yaml file: params.yaml loaded successfully]
[2024-01-03 10:14:27,497: INFO: common: created directory at: artifacts]
[2024-01-03 10:14:27,498: INFO: common: created directory at: artifacts/data_ingestion]
[2024-01-03 10:14:27,500: INFO: data_ingestion: File already exists of size: ~ 1028 KB]
[2024-01-03 10:14:27,615: INFO: main: >>>>>> stage Data Ingestion stage completed <<<<<<

x==========x]
[2024-01-03 10:16:21,933: INFO: main: >>>>>> stage Data Ingestion stage started <<<<<<]
[2024-01-03 10:16:21,933: INFO: common: yaml file: config\config.yaml loaded successfully]
[2024-01-03 10:16:21,939: INFO: common: yaml file: params.yaml loaded successfully]
[2024-01-03 10:16:21,939: INFO: common: created directory at: artifacts]
[2024-01-03 10:16:21,942: INFO: common: created directory at: artifacts/data_ingestion]
[2024-01-03 10:16:24,812: INFO: data_ingestion: artifacts/data_ingestion/data.zip download! with following info: 
Connection: close
Content-Length: 2379510
Cache-Control: max-age=300
Content-Security-Policy: default-src 'none'; style-src 'unsafe-inline'; sandbox
Content-Type: application/zip
ETag: "261a5cdab83c381b369cd4921b46b489e8c9c1bfdc4e3dcdd273e889f9a48b39"
Strict-Transport-Security: max-age=31536000
X-Content-Type-Options: nosniff
X-Frame-Options: deny
X-XSS-Protection: 1; mode=block
X-GitHub-Request-Id: 89EC:31F917:2AB54BE:2CA6876:659533F8
Accept-Ranges: bytes
Date: Wed, 03 Jan 2024 10:16:25 GMT
Via: 1.1 varnish
X-Served-By: cache-man4122-MAN
X-Cache: MISS
X-Cache-Hits: 0
X-Timer: S1704276985.017170,VS0,VE422
Vary: Authorization,Accept-Encoding,Origin
Access-Control-Allow-Origin: *
Cross-Origin-Resource-Policy: cross-origin
X-Fastly-Request-ID: 14b27b5fcd332a4756e3fbf43699cf019148d705
Expires: Wed, 03 Jan 2024 10:21:25 GMT
Source-Age: 0

]
[2024-01-03 10:16:25,093: INFO: main: >>>>>> stage Data Ingestion stage completed <<<<<<

x==========x]
[2024-01-03 10:17:26,946: INFO: main: >>>>>> stage Data Ingestion stage started <<<<<<]
[2024-01-03 10:17:26,954: INFO: common: yaml file: config\config.yaml loaded successfully]
[2024-01-03 10:17:26,962: INFO: common: yaml file: params.yaml loaded successfully]
[2024-01-03 10:17:26,963: INFO: common: created directory at: artifacts]
[2024-01-03 10:17:26,967: INFO: common: created directory at: artifacts/data_ingestion]
[2024-01-03 10:17:26,969: INFO: data_ingestion: File already exists of size: ~ 2324 KB]
[2024-01-03 10:17:27,381: INFO: main: >>>>>> stage Data Ingestion stage completed <<<<<<

x==========x]
[2024-01-03 11:57:38,169: INFO: main: Hello World]
[2024-01-03 15:13:16,925: INFO: utils: NumExpr defaulting to 8 threads.]
[2024-01-03 15:13:18,264: INFO: main: >>>>>> stage Data Ingestion stage started <<<<<<]
[2024-01-03 15:13:18,267: INFO: common: yaml file: config\config.yaml loaded successfully]
[2024-01-03 15:13:18,269: INFO: common: yaml file: params.yaml loaded successfully]
[2024-01-03 15:13:18,269: INFO: common: created directory at: artifacts]
[2024-01-03 15:13:18,269: INFO: common: created directory at: artifacts/data_ingestion]
[2024-01-03 15:13:18,272: INFO: data_ingestion: File already exists of size: ~ 2324 KB]
[2024-01-03 15:13:18,414: INFO: main: >>>>>> stage Data Ingestion stage completed <<<<<<

x==========x]
[2024-01-03 15:24:07,754: INFO: utils: NumExpr defaulting to 8 threads.]
[2024-01-03 15:25:47,381: INFO: common: yaml file: config\config.yaml loaded successfully]
[2024-01-03 15:25:47,385: INFO: common: yaml file: params.yaml loaded successfully]
[2024-01-03 15:25:47,388: INFO: common: created directory at: artifacts]
[2024-01-03 15:25:47,390: INFO: common: created directory at: artifacts/data_validation]
[2024-01-03 15:43:34,630: INFO: utils: NumExpr defaulting to 8 threads.]
[2024-01-03 15:44:26,288: INFO: utils: NumExpr defaulting to 8 threads.]
[2024-01-03 15:46:39,399: INFO: utils: NumExpr defaulting to 8 threads.]
[2024-01-03 15:46:40,558: INFO: main: >>>>>> stage Data Validation stage started <<<<<<]
[2024-01-03 15:46:40,562: INFO: common: yaml file: config\config.yaml loaded successfully]
[2024-01-03 15:46:40,562: INFO: common: yaml file: params.yaml loaded successfully]
[2024-01-03 15:46:40,562: INFO: common: created directory at: artifacts]
[2024-01-03 15:46:40,562: INFO: common: created directory at: artifacts/data_ingestion]
[2024-01-03 15:46:40,566: ERROR: main: 'DataValiadtion' object has no attribute 'download_file']
Traceback (most recent call last):
  File "C:\Users\LENOVO\1. Projects\Bodycode-Anomaly-Detection-Project\main.py", line 11, in <module>
    obj.main()
  File "c:\users\lenovo\1. projects\bodycode-anomaly-detection-project\src\bodycoteAnomalyDetection\pipeline\stage_02_data_validation.py", line 16, in main
    data_validation.download_file()
    ^^^^^^^^^^^^^^^^^^^^^^^^^^^^^
AttributeError: 'DataValiadtion' object has no attribute 'download_file'
[2024-01-03 15:49:43,172: INFO: utils: NumExpr defaulting to 8 threads.]
[2024-01-03 15:49:45,244: INFO: main: >>>>>> stage Data Ingestion stage started <<<<<<]
[2024-01-03 15:49:45,247: INFO: common: yaml file: config\config.yaml loaded successfully]
[2024-01-03 15:49:45,247: INFO: common: yaml file: params.yaml loaded successfully]
[2024-01-03 15:49:45,250: INFO: common: created directory at: artifacts]
[2024-01-03 15:49:45,250: INFO: common: created directory at: artifacts/data_ingestion]
[2024-01-03 15:49:47,222: INFO: data_ingestion: artifacts/data_ingestion/data.zip download! with following info: 
Connection: close
Content-Length: 2379510
Cache-Control: max-age=300
Content-Security-Policy: default-src 'none'; style-src 'unsafe-inline'; sandbox
Content-Type: application/zip
ETag: "261a5cdab83c381b369cd4921b46b489e8c9c1bfdc4e3dcdd273e889f9a48b39"
Strict-Transport-Security: max-age=31536000
X-Content-Type-Options: nosniff
X-Frame-Options: deny
X-XSS-Protection: 1; mode=block
X-GitHub-Request-Id: F580:36B05:17A8010:18A263A:65958212
Accept-Ranges: bytes
Date: Wed, 03 Jan 2024 15:49:47 GMT
Via: 1.1 varnish
X-Served-By: cache-man4127-MAN
X-Cache: MISS
X-Cache-Hits: 0
X-Timer: S1704296988.503382,VS0,VE312
Vary: Authorization,Accept-Encoding,Origin
Access-Control-Allow-Origin: *
Cross-Origin-Resource-Policy: cross-origin
X-Fastly-Request-ID: aaddce65da82c9b096194e09c38f74edf0dd82b1
Expires: Wed, 03 Jan 2024 15:54:47 GMT
Source-Age: 0

]
[2024-01-03 15:49:47,375: INFO: main: >>>>>> stage Data Ingestion stage completed <<<<<<

x==========x]
[2024-01-03 15:49:47,375: INFO: main: >>>>>> stage Data Validation stage started <<<<<<]
[2024-01-03 15:49:47,378: INFO: common: yaml file: config\config.yaml loaded successfully]
[2024-01-03 15:49:47,380: INFO: common: yaml file: params.yaml loaded successfully]
[2024-01-03 15:49:47,381: INFO: common: created directory at: artifacts]
[2024-01-03 15:49:47,381: INFO: common: created directory at: artifacts/data_ingestion]
[2024-01-03 15:49:47,382: ERROR: main: 'DataValiadtion' object has no attribute 'download_file']
Traceback (most recent call last):
  File "C:\Users\LENOVO\1. Projects\Bodycode-Anomaly-Detection-Project\main.py", line 20, in <module>
    obj.main()
  File "c:\users\lenovo\1. projects\bodycode-anomaly-detection-project\src\bodycoteAnomalyDetection\pipeline\stage_02_data_validation.py", line 16, in main
    data_validation.download_file()
    ^^^^^^^^^^^^^^^^^^^^^^^^^^^^^
AttributeError: 'DataValiadtion' object has no attribute 'download_file'
[2024-01-03 15:52:14,347: INFO: utils: NumExpr defaulting to 8 threads.]
[2024-01-03 15:52:17,101: INFO: main: >>>>>> stage Data Ingestion stage started <<<<<<]
[2024-01-03 15:52:17,109: INFO: common: yaml file: config\config.yaml loaded successfully]
[2024-01-03 15:52:17,114: INFO: common: yaml file: params.yaml loaded successfully]
[2024-01-03 15:52:17,118: INFO: common: created directory at: artifacts]
[2024-01-03 15:52:17,120: INFO: common: created directory at: artifacts/data_ingestion]
[2024-01-03 15:52:19,894: INFO: data_ingestion: artifacts/data_ingestion/data.zip download! with following info: 
Connection: close
Content-Length: 2379510
Cache-Control: max-age=300
Content-Security-Policy: default-src 'none'; style-src 'unsafe-inline'; sandbox
Content-Type: application/zip
ETag: "261a5cdab83c381b369cd4921b46b489e8c9c1bfdc4e3dcdd273e889f9a48b39"
Strict-Transport-Security: max-age=31536000
X-Content-Type-Options: nosniff
X-Frame-Options: deny
X-XSS-Protection: 1; mode=block
X-GitHub-Request-Id: F580:36B05:17A8010:18A263A:65958212
Accept-Ranges: bytes
Date: Wed, 03 Jan 2024 15:52:20 GMT
Via: 1.1 varnish
X-Served-By: cache-man4123-MAN
X-Cache: HIT
X-Cache-Hits: 1
X-Timer: S1704297141.634920,VS0,VE3
Vary: Authorization,Accept-Encoding,Origin
Access-Control-Allow-Origin: *
Cross-Origin-Resource-Policy: cross-origin
X-Fastly-Request-ID: faf03dec93b41ef5c9a65c12d752bdce90435c6a
Expires: Wed, 03 Jan 2024 15:57:20 GMT
Source-Age: 153

]
[2024-01-03 15:52:20,162: INFO: main: >>>>>> stage Data Ingestion stage completed <<<<<<

x==========x]
[2024-01-03 15:52:20,162: INFO: main: >>>>>> stage Data Validation stage started <<<<<<]
[2024-01-03 15:52:20,170: INFO: common: yaml file: config\config.yaml loaded successfully]
[2024-01-03 15:52:20,176: INFO: common: yaml file: params.yaml loaded successfully]
[2024-01-03 15:52:20,178: INFO: common: created directory at: artifacts]
[2024-01-03 15:52:20,186: INFO: common: created directory at: artifacts/data_validation]
[2024-01-03 15:52:20,198: INFO: main: >>>>>> stage Data Validation stage completed <<<<<<

x==========x]
